<?xml version="1.0" encoding="UTF-8"?>
<!-- Generated by org.testng.reporters.JUnitReportReporter -->
<testsuite hostname="DESKTOP-95BQ4HS" failures="0" tests="7" name="TestingApis.RestAssuredApi" time="7.131" errors="0" timestamp="2024-09-18T09:32:57 IST" skipped="0">
  <testcase classname="TestingApis.RestAssuredApi" name="loyalitylist" time="0.478"/>
  <system-out/>
  <testcase classname="TestingApis.RestAssuredApi" name="testRedemptionshistory" time="0.198"/>
  <system-out/>
  <testcase classname="TestingApis.RestAssuredApi" name="testearnedpoint" time="0.171"/>
  <system-out/>
  <testcase classname="TestingApis.RestAssuredApi" name="testGetAllRedemptions" time="0.191"/>
  <system-out/>
  <testcase classname="TestingApis.RestAssuredApi" name="testAuthenticity" time="2.821"/>
  <system-out/>
  <testcase classname="TestingApis.RestAssuredApi" name="testGetOtp" time="2.392"/>
  <system-out/>
  <testcase classname="TestingApis.RestAssuredApi" name="testLogin" time="0.880"/>
  <system-out/>
</testsuite> <!-- TestingApis.RestAssuredApi -->
